2024-06-09 06:15:02,324 SGT INFO [1.2.9c] [WsSessionActor.solactive] - unsubscribe requested.
2024-06-09 06:15:02,324 SGT INFO [1.2.9c] [SessionManagerActor] - unsubscribed WsKey(UserCode(solactive))
2024-06-09 06:15:02,328 SGT INFO [1.2.9c] [SessionManagerActor] - terminate WsKey(UserCode(solactive))
2024-06-09 06:15:02,329 SGT INFO [1.2.9c] [SessionManagerActor] - terminate WsKey(UserCode(solactive))
2024-06-09 06:15:02,329 SGT INFO [1.2.9c] [WsActor] - session actor terminated for UserCode(solactive) - removing session from data structures
2024-06-09 06:15:13,876 SGT INFO [1.2.9c] [WsSessionActor.solactive] - akka://tcfeed/user/websocket/sessions/session started
2024-06-09 06:15:40,508 SGT INFO [1.2.9c] [WsSessionActor.solactive] - market requested from now.
2024-06-09 06:15:40,508 SGT INFO [1.2.9c] [SessionManagerActor] - register from user : WsKey(UserCode(solactive))
2024-06-10 06:15:02,281 SGT INFO [1.2.9c] [WsSessionActor.solactive] - unsubscribe requested.
2024-06-10 06:15:02,281 SGT INFO [1.2.9c] [SessionManagerActor] - unsubscribed WsKey(UserCode(solactive))
2024-06-10 06:15:02,285 SGT INFO [1.2.9c] [SessionManagerActor] - terminate WsKey(UserCode(solactive))
2024-06-10 06:15:02,287 SGT INFO [1.2.9c] [SessionManagerActor] - terminate WsKey(UserCode(solactive))
2024-06-10 06:15:02,287 SGT INFO [1.2.9c] [WsActor] - session actor terminated for UserCode(solactive) - removing session from data structures
2024-06-10 06:15:14,008 SGT INFO [1.2.9c] [WsSessionActor.solactive] - akka://tcfeed/user/websocket/sessions/session started
2024-06-10 06:15:22,647 SGT INFO [1.2.9c] [WsSessionActor.solactive] - market requested from now.
2024-06-10 06:15:22,647 SGT INFO [1.2.9c] [SessionManagerActor] - register from user : WsKey(UserCode(solactive))
2024-06-11 06:15:02,034 SGT INFO [1.2.9c] [WsSessionActor.solactive] - unsubscribe requested.
2024-06-11 06:15:02,034 SGT INFO [1.2.9c] [SessionManagerActor] - unsubscribed WsKey(UserCode(solactive))
2024-06-11 06:15:02,039 SGT INFO [1.2.9c] [SessionManagerActor] - terminate WsKey(UserCode(solactive))
2024-06-11 06:15:02,040 SGT INFO [1.2.9c] [SessionManagerActor] - terminate WsKey(UserCode(solactive))
2024-06-11 06:15:02,040 SGT INFO [1.2.9c] [WsActor] - session actor terminated for UserCode(solactive) - removing session from data structures
2024-06-11 06:15:13,908 SGT INFO [1.2.9c] [WsSessionActor.solactive] - akka://tcfeed/user/websocket/sessions/session started
2024-06-11 06:15:22,472 SGT INFO [1.2.9c] [WsSessionActor.solactive] - market requested from now.
2024-06-11 06:15:22,472 SGT INFO [1.2.9c] [SessionManagerActor] - register from user : WsKey(UserCode(solactive))
2024-06-12 06:15:02,522 SGT INFO [1.2.9c] [WsSessionActor.solactive] - unsubscribe requested.
2024-06-12 06:15:02,522 SGT INFO [1.2.9c] [SessionManagerActor] - unsubscribed WsKey(UserCode(solactive))
2024-06-12 06:15:02,528 SGT INFO [1.2.9c] [SessionManagerActor] - terminate WsKey(UserCode(solactive))
2024-06-12 06:15:02,529 SGT INFO [1.2.9c] [SessionManagerActor] - terminate WsKey(UserCode(solactive))
2024-06-12 06:15:02,529 SGT INFO [1.2.9c] [WsActor] - session actor terminated for UserCode(solactive) - removing session from data structures
2024-06-12 06:15:14,664 SGT INFO [1.2.9c] [WsSessionActor.solactive] - akka://tcfeed/user/websocket/sessions/session started
2024-06-12 06:15:24,293 SGT INFO [1.2.9c] [WsSessionActor.solactive] - market requested from now.
2024-06-12 06:15:24,293 SGT INFO [1.2.9c] [SessionManagerActor] - register from user : WsKey(UserCode(solactive))
2024-06-13 06:15:02,293 SGT INFO [1.2.9c] [WsSessionActor.solactive] - unsubscribe requested.
2024-06-13 06:15:02,293 SGT INFO [1.2.9c] [SessionManagerActor] - unsubscribed WsKey(UserCode(solactive))
2024-06-13 06:15:02,298 SGT INFO [1.2.9c] [SessionManagerActor] - terminate WsKey(UserCode(solactive))
2024-06-13 06:15:02,299 SGT INFO [1.2.9c] [SessionManagerActor] - terminate WsKey(UserCode(solactive))
2024-06-13 06:15:02,299 SGT INFO [1.2.9c] [WsActor] - session actor terminated for UserCode(solactive) - removing session from data structures
2024-06-13 06:15:14,060 SGT INFO [1.2.9c] [WsSessionActor.solactive] - akka://tcfeed/user/websocket/sessions/session started
2024-06-13 06:15:22,190 SGT INFO [1.2.9c] [WsSessionActor.solactive] - market requested from now.
2024-06-13 06:15:22,190 SGT INFO [1.2.9c] [SessionManagerActor] - register from user : WsKey(UserCode(solactive))
2024-06-14 06:15:02,135 SGT INFO [1.2.9c] [WsSessionActor.solactive] - unsubscribe requested.
2024-06-14 06:15:02,135 SGT INFO [1.2.9c] [SessionManagerActor] - unsubscribed WsKey(UserCode(solactive))
2024-06-14 06:15:02,140 SGT INFO [1.2.9c] [SessionManagerActor] - terminate WsKey(UserCode(solactive))
2024-06-14 06:15:02,141 SGT INFO [1.2.9c] [SessionManagerActor] - terminate WsKey(UserCode(solactive))
2024-06-14 06:15:02,141 SGT INFO [1.2.9c] [WsActor] - session actor terminated for UserCode(solactive) - removing session from data structures
2024-06-14 06:15:14,212 SGT INFO [1.2.9c] [WsSessionActor.solactive] - akka://tcfeed/user/websocket/sessions/session started
2024-06-14 06:15:53,638 SGT INFO [1.2.9c] [WsSessionActor.solactive] - market requested from now.
2024-06-14 06:15:53,638 SGT INFO [1.2.9c] [SessionManagerActor] - register from user : WsKey(UserCode(solactive))
2024-06-14 20:35:54,855 SGT INFO [1.2.9c] [SessionManagerActor] - terminate WsKey(UserCode(solactive))
2024-06-14 20:35:54,856 SGT INFO [1.2.9c] [SessionManagerActor] - terminate WsKey(UserCode(solactive))
2024-06-14 20:35:54,856 SGT INFO [1.2.9c] [WsActor] - session actor terminated for UserCode(solactive) - removing session from data structures
2024-06-14 20:39:00,965 SGT INFO [1.2.9c] [WsSessionActor.solactive] - akka://tcfeed/user/websocket/sessions/session started
2024-06-14 20:39:01,336 SGT INFO [1.2.9c] [WsSessionActor.solactive] - market requested from now.
2024-06-14 20:39:01,336 SGT INFO [1.2.9c] [SessionManagerActor] - register from user : WsKey(UserCode(solactive))
2024-06-14 21:14:05,223 SGT INFO [1.2.9c] [SessionManagerActor] - terminate WsKey(UserCode(solactive))
2024-06-14 21:14:05,225 SGT INFO [1.2.9c] [SessionManagerActor] - terminate WsKey(UserCode(solactive))
2024-06-14 21:14:05,225 SGT INFO [1.2.9c] [WsActor] - session actor terminated for UserCode(solactive) - removing session from data structures
2024-06-14 21:17:04,162 SGT INFO [1.2.9c] [WsSessionActor.solactive] - akka://tcfeed/user/websocket/sessions/session started
2024-06-14 21:17:04,506 SGT INFO [1.2.9c] [WsSessionActor.solactive] - market requested from now.
2024-06-14 21:17:04,506 SGT INFO [1.2.9c] [SessionManagerActor] - register from user : WsKey(UserCode(solactive))
2024-06-14 21:23:35,834 SGT INFO [1.2.9c] [SessionManagerActor] - terminate WsKey(UserCode(solactive))
2024-06-14 21:23:35,835 SGT INFO [1.2.9c] [SessionManagerActor] - terminate WsKey(UserCode(solactive))
2024-06-14 21:23:35,835 SGT INFO [1.2.9c] [WsActor] - session actor terminated for UserCode(solactive) - removing session from data structures
2024-06-14 21:26:42,301 SGT INFO [1.2.9c] [WsSessionActor.solactive] - akka://tcfeed/user/websocket/sessions/session started
2024-06-14 21:26:42,645 SGT INFO [1.2.9c] [WsSessionActor.solactive] - market requested from now.
2024-06-14 21:26:42,645 SGT INFO [1.2.9c] [SessionManagerActor] - register from user : WsKey(UserCode(solactive))
2024-06-14 21:27:59,813 SGT INFO [1.2.9c] [SessionManagerActor] - terminate WsKey(UserCode(solactive))
2024-06-14 21:27:59,814 SGT INFO [1.2.9c] [SessionManagerActor] - terminate WsKey(UserCode(solactive))
2024-06-14 21:27:59,815 SGT INFO [1.2.9c] [WsActor] - session actor terminated for UserCode(solactive) - removing session from data structures
2024-06-14 21:33:39,761 SGT INFO [1.2.9c] [WsSessionActor.solactive] - akka://tcfeed/user/websocket/sessions/session started
2024-06-14 21:33:40,102 SGT INFO [1.2.9c] [WsSessionActor.solactive] - market requested from now.
2024-06-14 21:33:40,102 SGT INFO [1.2.9c] [SessionManagerActor] - register from user : WsKey(UserCode(solactive))
2024-06-14 21:36:50,493 SGT INFO [1.2.9c] [SessionManagerActor] - terminate WsKey(UserCode(solactive))
2024-06-14 21:36:50,494 SGT INFO [1.2.9c] [SessionManagerActor] - terminate WsKey(UserCode(solactive))
2024-06-14 21:36:50,494 SGT INFO [1.2.9c] [WsActor] - session actor terminated for UserCode(solactive) - removing session from data structures
2024-06-14 21:41:43,465 SGT INFO [1.2.9c] [WsSessionActor.solactive] - akka://tcfeed/user/websocket/sessions/session started
2024-06-14 21:41:43,816 SGT INFO [1.2.9c] [WsSessionActor.solactive] - market requested from now.
2024-06-14 21:41:43,816 SGT INFO [1.2.9c] [SessionManagerActor] - register from user : WsKey(UserCode(solactive))
2024-06-14 21:42:45,684 SGT INFO [1.2.9c] [SessionManagerActor] - terminate WsKey(UserCode(solactive))
2024-06-14 21:42:45,685 SGT INFO [1.2.9c] [SessionManagerActor] - terminate WsKey(UserCode(solactive))
2024-06-14 21:42:45,685 SGT INFO [1.2.9c] [WsActor] - session actor terminated for UserCode(solactive) - removing session from data structures
2024-06-14 21:49:01,226 SGT INFO [1.2.9c] [WsSessionActor.solactive] - akka://tcfeed/user/websocket/sessions/session started
2024-06-14 21:49:01,578 SGT INFO [1.2.9c] [WsSessionActor.solactive] - market requested from now.
2024-06-14 21:49:01,578 SGT INFO [1.2.9c] [SessionManagerActor] - register from user : WsKey(UserCode(solactive))
2024-06-14 21:50:14,663 SGT INFO [1.2.9c] [SessionManagerActor] - terminate WsKey(UserCode(solactive))
2024-06-14 21:50:14,664 SGT INFO [1.2.9c] [SessionManagerActor] - terminate WsKey(UserCode(solactive))
2024-06-14 21:50:14,664 SGT INFO [1.2.9c] [WsActor] - session actor terminated for UserCode(solactive) - removing session from data structures
2024-06-14 21:58:09,686 SGT INFO [1.2.9c] [WsSessionActor.solactive] - akka://tcfeed/user/websocket/sessions/session started
2024-06-14 21:58:10,034 SGT INFO [1.2.9c] [WsSessionActor.solactive] - market requested from now.
2024-06-14 21:58:10,034 SGT INFO [1.2.9c] [SessionManagerActor] - register from user : WsKey(UserCode(solactive))
2024-06-14 21:59:27,203 SGT INFO [1.2.9c] [SessionManagerActor] - terminate WsKey(UserCode(solactive))
2024-06-14 21:59:27,204 SGT INFO [1.2.9c] [SessionManagerActor] - terminate WsKey(UserCode(solactive))
2024-06-14 21:59:27,204 SGT INFO [1.2.9c] [WsActor] - session actor terminated for UserCode(solactive) - removing session from data structures
2024-06-14 22:06:14,371 SGT INFO [1.2.9c] [WsSessionActor.solactive] - akka://tcfeed/user/websocket/sessions/session started
2024-06-14 22:06:14,720 SGT INFO [1.2.9c] [WsSessionActor.solactive] - market requested from now.
2024-06-14 22:06:14,720 SGT INFO [1.2.9c] [SessionManagerActor] - register from user : WsKey(UserCode(solactive))
2024-06-14 22:08:20,844 SGT INFO [1.2.9c] [SessionManagerActor] - terminate WsKey(UserCode(solactive))
2024-06-14 22:08:20,845 SGT INFO [1.2.9c] [SessionManagerActor] - terminate WsKey(UserCode(solactive))
2024-06-14 22:08:20,845 SGT INFO [1.2.9c] [WsActor] - session actor terminated for UserCode(solactive) - removing session from data structures
2024-06-14 22:14:14,080 SGT INFO [1.2.9c] [WsSessionActor.solactive] - akka://tcfeed/user/websocket/sessions/session started
2024-06-14 22:14:14,409 SGT INFO [1.2.9c] [WsSessionActor.solactive] - market requested from now.
2024-06-14 22:14:14,409 SGT INFO [1.2.9c] [SessionManagerActor] - register from user : WsKey(UserCode(solactive))
2024-06-14 22:15:33,634 SGT INFO [1.2.9c] [SessionManagerActor] - terminate WsKey(UserCode(solactive))
2024-06-14 22:15:33,635 SGT INFO [1.2.9c] [SessionManagerActor] - terminate WsKey(UserCode(solactive))
2024-06-14 22:15:33,635 SGT INFO [1.2.9c] [WsActor] - session actor terminated for UserCode(solactive) - removing session from data structures
2024-06-14 22:20:52,121 SGT INFO [1.2.9c] [WsSessionActor.solactive] - akka://tcfeed/user/websocket/sessions/session started
2024-06-14 22:20:52,462 SGT INFO [1.2.9c] [WsSessionActor.solactive] - market requested from now.
2024-06-14 22:20:52,462 SGT INFO [1.2.9c] [SessionManagerActor] - register from user : WsKey(UserCode(solactive))
2024-06-14 22:22:47,373 SGT INFO [1.2.9c] [SessionManagerActor] - terminate WsKey(UserCode(solactive))
2024-06-14 22:22:47,374 SGT INFO [1.2.9c] [SessionManagerActor] - terminate WsKey(UserCode(solactive))
2024-06-14 22:22:47,374 SGT INFO [1.2.9c] [WsActor] - session actor terminated for UserCode(solactive) - removing session from data structures
2024-06-14 22:28:40,394 SGT INFO [1.2.9c] [WsSessionActor.solactive] - akka://tcfeed/user/websocket/sessions/session started
2024-06-14 22:28:40,736 SGT INFO [1.2.9c] [WsSessionActor.solactive] - market requested from now.
2024-06-14 22:28:40,736 SGT INFO [1.2.9c] [SessionManagerActor] - register from user : WsKey(UserCode(solactive))
2024-06-14 22:29:56,883 SGT INFO [1.2.9c] [SessionManagerActor] - terminate WsKey(UserCode(solactive))
2024-06-14 22:29:56,884 SGT INFO [1.2.9c] [SessionManagerActor] - terminate WsKey(UserCode(solactive))
2024-06-14 22:29:56,884 SGT INFO [1.2.9c] [WsActor] - session actor terminated for UserCode(solactive) - removing session from data structures
2024-06-14 22:37:44,534 SGT INFO [1.2.9c] [WsSessionActor.solactive] - akka://tcfeed/user/websocket/sessions/session started
2024-06-14 22:37:44,881 SGT INFO [1.2.9c] [WsSessionActor.solactive] - market requested from now.
2024-06-14 22:37:44,881 SGT INFO [1.2.9c] [SessionManagerActor] - register from user : WsKey(UserCode(solactive))
2024-06-14 22:39:01,024 SGT INFO [1.2.9c] [SessionManagerActor] - terminate WsKey(UserCode(solactive))
2024-06-14 22:39:01,024 SGT INFO [1.2.9c] [SessionManagerActor] - terminate WsKey(UserCode(solactive))
2024-06-14 22:39:01,024 SGT INFO [1.2.9c] [WsActor] - session actor terminated for UserCode(solactive) - removing session from data structures
2024-06-14 22:46:06,685 SGT INFO [1.2.9c] [WsSessionActor.solactive] - akka://tcfeed/user/websocket/sessions/session started
2024-06-14 22:46:07,044 SGT INFO [1.2.9c] [WsSessionActor.solactive] - market requested from now.
2024-06-14 22:46:07,044 SGT INFO [1.2.9c] [SessionManagerActor] - register from user : WsKey(UserCode(solactive))
2024-06-14 22:47:50,723 SGT INFO [1.2.9c] [SessionManagerActor] - terminate WsKey(UserCode(solactive))
2024-06-14 22:47:50,724 SGT INFO [1.2.9c] [SessionManagerActor] - terminate WsKey(UserCode(solactive))
2024-06-14 22:47:50,724 SGT INFO [1.2.9c] [WsActor] - session actor terminated for UserCode(solactive) - removing session from data structures
2024-06-14 22:53:42,456 SGT INFO [1.2.9c] [WsSessionActor.solactive] - akka://tcfeed/user/websocket/sessions/session started
2024-06-14 22:53:42,792 SGT INFO [1.2.9c] [WsSessionActor.solactive] - market requested from now.
2024-06-14 22:53:42,792 SGT INFO [1.2.9c] [SessionManagerActor] - register from user : WsKey(UserCode(solactive))
2024-06-14 22:54:49,773 SGT INFO [1.2.9c] [SessionManagerActor] - terminate WsKey(UserCode(solactive))
2024-06-14 22:54:49,774 SGT INFO [1.2.9c] [SessionManagerActor] - terminate WsKey(UserCode(solactive))
2024-06-14 22:54:49,774 SGT INFO [1.2.9c] [WsActor] - session actor terminated for UserCode(solactive) - removing session from data structures
2024-06-14 23:01:06,002 SGT INFO [1.2.9c] [WsSessionActor.solactive] - akka://tcfeed/user/websocket/sessions/session started
2024-06-14 23:01:06,334 SGT INFO [1.2.9c] [WsSessionActor.solactive] - market requested from now.
2024-06-14 23:01:06,334 SGT INFO [1.2.9c] [SessionManagerActor] - register from user : WsKey(UserCode(solactive))
2024-06-14 23:02:23,513 SGT INFO [1.2.9c] [SessionManagerActor] - terminate WsKey(UserCode(solactive))
2024-06-14 23:02:23,514 SGT INFO [1.2.9c] [SessionManagerActor] - terminate WsKey(UserCode(solactive))
2024-06-14 23:02:23,514 SGT INFO [1.2.9c] [WsActor] - session actor terminated for UserCode(solactive) - removing session from data structures
2024-06-14 23:09:07,943 SGT INFO [1.2.9c] [WsSessionActor.solactive] - akka://tcfeed/user/websocket/sessions/session started
2024-06-14 23:09:10,168 SGT INFO [1.2.9c] [WsSessionActor.solactive] - market requested from now.
2024-06-14 23:09:10,168 SGT INFO [1.2.9c] [SessionManagerActor] - register from user : WsKey(UserCode(solactive))
2024-06-14 23:10:29,533 SGT INFO [1.2.9c] [SessionManagerActor] - terminate WsKey(UserCode(solactive))
2024-06-14 23:10:29,534 SGT INFO [1.2.9c] [SessionManagerActor] - terminate WsKey(UserCode(solactive))
2024-06-14 23:10:29,534 SGT INFO [1.2.9c] [WsActor] - session actor terminated for UserCode(solactive) - removing session from data structures
2024-06-14 23:17:32,936 SGT INFO [1.2.9c] [WsSessionActor.solactive] - akka://tcfeed/user/websocket/sessions/session started
2024-06-14 23:17:33,286 SGT INFO [1.2.9c] [WsSessionActor.solactive] - market requested from now.
2024-06-14 23:17:33,286 SGT INFO [1.2.9c] [SessionManagerActor] - register from user : WsKey(UserCode(solactive))
2024-06-14 23:18:39,234 SGT INFO [1.2.9c] [SessionManagerActor] - terminate WsKey(UserCode(solactive))
2024-06-14 23:18:39,235 SGT INFO [1.2.9c] [SessionManagerActor] - terminate WsKey(UserCode(solactive))
2024-06-14 23:18:39,235 SGT INFO [1.2.9c] [WsActor] - session actor terminated for UserCode(solactive) - removing session from data structures
2024-06-14 23:23:57,052 SGT INFO [1.2.9c] [WsSessionActor.solactive] - akka://tcfeed/user/websocket/sessions/session started
2024-06-14 23:23:58,302 SGT INFO [1.2.9c] [WsSessionActor.solactive] - market requested from now.
2024-06-14 23:23:58,302 SGT INFO [1.2.9c] [SessionManagerActor] - register from user : WsKey(UserCode(solactive))
2024-06-14 23:25:23,743 SGT INFO [1.2.9c] [SessionManagerActor] - terminate WsKey(UserCode(solactive))
2024-06-14 23:25:23,744 SGT INFO [1.2.9c] [SessionManagerActor] - terminate WsKey(UserCode(solactive))
2024-06-14 23:25:23,744 SGT INFO [1.2.9c] [WsActor] - session actor terminated for UserCode(solactive) - removing session from data structures
2024-06-14 23:30:40,394 SGT INFO [1.2.9c] [WsSessionActor.solactive] - akka://tcfeed/user/websocket/sessions/session started
2024-06-14 23:30:40,741 SGT INFO [1.2.9c] [WsSessionActor.solactive] - market requested from now.
2024-06-14 23:30:40,741 SGT INFO [1.2.9c] [SessionManagerActor] - register from user : WsKey(UserCode(solactive))
2024-06-14 23:32:06,074 SGT INFO [1.2.9c] [SessionManagerActor] - terminate WsKey(UserCode(solactive))
2024-06-14 23:32:06,075 SGT INFO [1.2.9c] [SessionManagerActor] - terminate WsKey(UserCode(solactive))
2024-06-14 23:32:06,075 SGT INFO [1.2.9c] [WsActor] - session actor terminated for UserCode(solactive) - removing session from data structures
2024-06-14 23:39:40,450 SGT INFO [1.2.9c] [WsSessionActor.solactive] - akka://tcfeed/user/websocket/sessions/session started
2024-06-14 23:39:40,799 SGT INFO [1.2.9c] [WsSessionActor.solactive] - market requested from now.
2024-06-14 23:39:40,799 SGT INFO [1.2.9c] [SessionManagerActor] - register from user : WsKey(UserCode(solactive))
2024-06-14 23:41:01,023 SGT INFO [1.2.9c] [SessionManagerActor] - terminate WsKey(UserCode(solactive))
2024-06-14 23:41:01,024 SGT INFO [1.2.9c] [SessionManagerActor] - terminate WsKey(UserCode(solactive))
2024-06-14 23:41:01,024 SGT INFO [1.2.9c] [WsActor] - session actor terminated for UserCode(solactive) - removing session from data structures
2024-06-14 23:48:20,112 SGT INFO [1.2.9c] [WsSessionActor.solactive] - akka://tcfeed/user/websocket/sessions/session started
2024-06-14 23:48:20,508 SGT INFO [1.2.9c] [WsSessionActor.solactive] - market requested from now.
2024-06-14 23:48:20,508 SGT INFO [1.2.9c] [SessionManagerActor] - register from user : WsKey(UserCode(solactive))
2024-06-14 23:49:35,583 SGT INFO [1.2.9c] [SessionManagerActor] - terminate WsKey(UserCode(solactive))
2024-06-14 23:49:35,584 SGT INFO [1.2.9c] [SessionManagerActor] - terminate WsKey(UserCode(solactive))
2024-06-14 23:49:35,584 SGT INFO [1.2.9c] [WsActor] - session actor terminated for UserCode(solactive) - removing session from data structures
2024-06-14 23:55:55,401 SGT INFO [1.2.9c] [WsSessionActor.solactive] - akka://tcfeed/user/websocket/sessions/session started
2024-06-14 23:55:55,740 SGT INFO [1.2.9c] [WsSessionActor.solactive] - market requested from now.
2024-06-14 23:55:55,740 SGT INFO [1.2.9c] [SessionManagerActor] - register from user : WsKey(UserCode(solactive))
2024-06-14 23:57:16,993 SGT INFO [1.2.9c] [SessionManagerActor] - terminate WsKey(UserCode(solactive))
2024-06-14 23:57:16,994 SGT INFO [1.2.9c] [SessionManagerActor] - terminate WsKey(UserCode(solactive))
2024-06-14 23:57:16,994 SGT INFO [1.2.9c] [WsActor] - session actor terminated for UserCode(solactive) - removing session from data structures
2024-06-15 00:02:48,394 SGT INFO [1.2.9c] [WsSessionActor.solactive] - akka://tcfeed/user/websocket/sessions/session started
2024-06-15 00:02:48,743 SGT INFO [1.2.9c] [WsSessionActor.solactive] - market requested from now.
2024-06-15 00:02:48,743 SGT INFO [1.2.9c] [SessionManagerActor] - register from user : WsKey(UserCode(solactive))
2024-06-15 00:04:07,943 SGT INFO [1.2.9c] [SessionManagerActor] - terminate WsKey(UserCode(solactive))
2024-06-15 00:04:07,944 SGT INFO [1.2.9c] [SessionManagerActor] - terminate WsKey(UserCode(solactive))
2024-06-15 00:04:07,944 SGT INFO [1.2.9c] [WsActor] - session actor terminated for UserCode(solactive) - removing session from data structures
2024-06-15 00:10:27,854 SGT INFO [1.2.9c] [WsSessionActor.solactive] - akka://tcfeed/user/websocket/sessions/session started
2024-06-15 00:10:29,085 SGT INFO [1.2.9c] [WsSessionActor.solactive] - market requested from now.
2024-06-15 00:10:29,085 SGT INFO [1.2.9c] [SessionManagerActor] - register from user : WsKey(UserCode(solactive))
2024-06-15 00:11:36,183 SGT INFO [1.2.9c] [SessionManagerActor] - terminate WsKey(UserCode(solactive))
2024-06-15 00:11:36,183 SGT INFO [1.2.9c] [SessionManagerActor] - terminate WsKey(UserCode(solactive))
2024-06-15 00:11:36,183 SGT INFO [1.2.9c] [WsActor] - session actor terminated for UserCode(solactive) - removing session from data structures
2024-06-15 00:18:02,359 SGT INFO [1.2.9c] [WsSessionActor.solactive] - akka://tcfeed/user/websocket/sessions/session started
2024-06-15 00:18:02,705 SGT INFO [1.2.9c] [WsSessionActor.solactive] - market requested from now.
2024-06-15 00:18:02,705 SGT INFO [1.2.9c] [SessionManagerActor] - register from user : WsKey(UserCode(solactive))
2024-06-15 00:20:06,793 SGT INFO [1.2.9c] [SessionManagerActor] - terminate WsKey(UserCode(solactive))
2024-06-15 00:20:06,794 SGT INFO [1.2.9c] [SessionManagerActor] - terminate WsKey(UserCode(solactive))
2024-06-15 00:20:06,794 SGT INFO [1.2.9c] [WsActor] - session actor terminated for UserCode(solactive) - removing session from data structures
2024-06-15 00:25:27,385 SGT INFO [1.2.9c] [WsSessionActor.solactive] - akka://tcfeed/user/websocket/sessions/session started
2024-06-15 00:25:27,728 SGT INFO [1.2.9c] [WsSessionActor.solactive] - market requested from now.
2024-06-15 00:25:27,728 SGT INFO [1.2.9c] [SessionManagerActor] - register from user : WsKey(UserCode(solactive))
2024-06-15 00:26:29,603 SGT INFO [1.2.9c] [SessionManagerActor] - terminate WsKey(UserCode(solactive))
2024-06-15 00:26:29,604 SGT INFO [1.2.9c] [WsActor] - session actor terminated for UserCode(solactive) - removing session from data structures
2024-06-15 00:26:29,604 SGT INFO [1.2.9c] [SessionManagerActor] - terminate WsKey(UserCode(solactive))
2024-06-15 00:31:24,282 SGT INFO [1.2.9c] [WsSessionActor.solactive] - akka://tcfeed/user/websocket/sessions/session started
2024-06-15 00:31:24,618 SGT INFO [1.2.9c] [WsSessionActor.solactive] - market requested from now.
2024-06-15 00:31:24,619 SGT INFO [1.2.9c] [SessionManagerActor] - register from user : WsKey(UserCode(solactive))
2024-06-15 00:32:27,513 SGT INFO [1.2.9c] [SessionManagerActor] - terminate WsKey(UserCode(solactive))
2024-06-15 00:32:27,514 SGT INFO [1.2.9c] [SessionManagerActor] - terminate WsKey(UserCode(solactive))
2024-06-15 00:32:27,514 SGT INFO [1.2.9c] [WsActor] - session actor terminated for UserCode(solactive) - removing session from data structures
2024-06-15 00:37:08,840 SGT INFO [1.2.9c] [WsSessionActor.solactive] - akka://tcfeed/user/websocket/sessions/session started
2024-06-15 00:37:09,197 SGT INFO [1.2.9c] [WsSessionActor.solactive] - market requested from now.
2024-06-15 00:37:09,197 SGT INFO [1.2.9c] [SessionManagerActor] - register from user : WsKey(UserCode(solactive))
2024-06-15 00:38:29,413 SGT INFO [1.2.9c] [SessionManagerActor] - terminate WsKey(UserCode(solactive))
2024-06-15 00:38:29,414 SGT INFO [1.2.9c] [SessionManagerActor] - terminate WsKey(UserCode(solactive))
2024-06-15 00:38:29,414 SGT INFO [1.2.9c] [WsActor] - session actor terminated for UserCode(solactive) - removing session from data structures
2024-06-15 00:42:15,225 SGT INFO [1.2.9c] [WsSessionActor.solactive] - akka://tcfeed/user/websocket/sessions/session started
2024-06-15 00:42:15,571 SGT INFO [1.2.9c] [WsSessionActor.solactive] - market requested from now.
2024-06-15 00:42:15,572 SGT INFO [1.2.9c] [SessionManagerActor] - register from user : WsKey(UserCode(solactive))
2024-06-15 00:48:10,193 SGT INFO [1.2.9c] [SessionManagerActor] - terminate WsKey(UserCode(solactive))
2024-06-15 00:48:10,194 SGT INFO [1.2.9c] [SessionManagerActor] - terminate WsKey(UserCode(solactive))
2024-06-15 00:48:10,194 SGT INFO [1.2.9c] [WsActor] - session actor terminated for UserCode(solactive) - removing session from data structures
2024-06-15 00:51:37,121 SGT INFO [1.2.9c] [WsSessionActor.solactive] - akka://tcfeed/user/websocket/sessions/session started
2024-06-15 00:51:37,457 SGT INFO [1.2.9c] [WsSessionActor.solactive] - market requested from now.
2024-06-15 00:51:37,457 SGT INFO [1.2.9c] [SessionManagerActor] - register from user : WsKey(UserCode(solactive))
2024-06-15 06:15:02,378 SGT INFO [1.2.9c] [WsSessionActor.solactive] - unsubscribe requested.
2024-06-15 06:15:02,378 SGT INFO [1.2.9c] [SessionManagerActor] - unsubscribed WsKey(UserCode(solactive))
2024-06-15 06:15:02,380 SGT INFO [1.2.9c] [SessionManagerActor] - terminate WsKey(UserCode(solactive))
2024-06-15 06:15:02,381 SGT INFO [1.2.9c] [SessionManagerActor] - terminate WsKey(UserCode(solactive))
2024-06-15 06:15:02,381 SGT INFO [1.2.9c] [WsActor] - session actor terminated for UserCode(solactive) - removing session from data structures
2024-06-15 06:15:14,223 SGT INFO [1.2.9c] [WsSessionActor.solactive] - akka://tcfeed/user/websocket/sessions/session started
2024-06-15 06:15:32,321 SGT INFO [1.2.9c] [WsSessionActor.solactive] - market requested from now.
2024-06-15 06:15:32,321 SGT INFO [1.2.9c] [SessionManagerActor] - register from user : WsKey(UserCode(solactive))
2024-06-15 16:13:07,606 SGT INFO [1.2.9c] [WsSessionActor.solactive] - unsubscribe requested.
2024-06-15 16:13:07,606 SGT INFO [1.2.9c] [SessionManagerActor] - unsubscribed WsKey(UserCode(solactive))
2024-06-15 16:13:07,612 SGT INFO [1.2.9c] [SessionManagerActor] - terminate WsKey(UserCode(solactive))
2024-06-15 16:13:07,613 SGT INFO [1.2.9c] [SessionManagerActor] - terminate WsKey(UserCode(solactive))
2024-06-15 16:13:07,613 SGT INFO [1.2.9c] [WsActor] - session actor terminated for UserCode(solactive) - removing session from data structures
2024-06-15 16:30:25,297 SGT INFO [1.2.9c] [WsSessionActor.solactive] - akka://tcfeed/user/websocket/sessions/session started
2024-06-15 16:30:31,833 SGT INFO [1.2.9c] [WsSessionActor.solactive] - market requested from now.
2024-06-15 16:30:31,833 SGT INFO [1.2.9c] [SessionManagerActor] - register from user : WsKey(UserCode(solactive))
2024-06-16 06:15:03,393 SGT INFO [1.2.9c] [WsSessionActor.solactive] - unsubscribe requested.
2024-06-16 06:15:03,393 SGT INFO [1.2.9c] [SessionManagerActor] - unsubscribed WsKey(UserCode(solactive))
2024-06-16 06:15:03,397 SGT INFO [1.2.9c] [SessionManagerActor] - terminate WsKey(UserCode(solactive))
2024-06-16 06:15:03,398 SGT INFO [1.2.9c] [WsActor] - session actor terminated for UserCode(solactive) - removing session from data structures
2024-06-16 06:15:03,398 SGT INFO [1.2.9c] [SessionManagerActor] - terminate WsKey(UserCode(solactive))
2024-06-16 06:15:15,140 SGT INFO [1.2.9c] [WsSessionActor.solactive] - akka://tcfeed/user/websocket/sessions/session started
2024-06-16 06:15:59,382 SGT INFO [1.2.9c] [WsSessionActor.solactive] - market requested from now.
2024-06-16 06:15:59,382 SGT INFO [1.2.9c] [SessionManagerActor] - register from user : WsKey(UserCode(solactive))
2024-06-17 06:15:01,677 SGT INFO [1.2.9c] [WsSessionActor.solactive] - unsubscribe requested.
2024-06-17 06:15:01,677 SGT INFO [1.2.9c] [SessionManagerActor] - unsubscribed WsKey(UserCode(solactive))
2024-06-17 06:15:01,682 SGT INFO [1.2.9c] [SessionManagerActor] - terminate WsKey(UserCode(solactive))
2024-06-17 06:15:01,683 SGT INFO [1.2.9c] [SessionManagerActor] - terminate WsKey(UserCode(solactive))
2024-06-17 06:15:01,683 SGT INFO [1.2.9c] [WsActor] - session actor terminated for UserCode(solactive) - removing session from data structures
2024-06-17 06:15:13,313 SGT INFO [1.2.9c] [WsSessionActor.solactive] - akka://tcfeed/user/websocket/sessions/session started
2024-06-17 06:15:23,310 SGT INFO [1.2.9c] [WsSessionActor.solactive] - market requested from now.
2024-06-17 06:15:23,310 SGT INFO [1.2.9c] [SessionManagerActor] - register from user : WsKey(UserCode(solactive))
2024-06-17 21:27:28,563 SGT INFO [1.2.9c] [SessionManagerActor] - terminate WsKey(UserCode(solactive))
2024-06-17 21:27:28,565 SGT INFO [1.2.9c] [SessionManagerActor] - terminate WsKey(UserCode(solactive))
2024-06-17 21:27:28,565 SGT INFO [1.2.9c] [WsActor] - session actor terminated for UserCode(solactive) - removing session from data structures
2024-06-17 21:31:52,734 SGT INFO [1.2.9c] [WsSessionActor.solactive] - akka://tcfeed/user/websocket/sessions/session started
2024-06-17 21:31:53,083 SGT INFO [1.2.9c] [WsSessionActor.solactive] - market requested from now.
2024-06-17 21:31:53,083 SGT INFO [1.2.9c] [SessionManagerActor] - register from user : WsKey(UserCode(solactive))
2024-06-17 21:55:48,893 SGT INFO [1.2.9c] [SessionManagerActor] - terminate WsKey(UserCode(solactive))
2024-06-17 21:55:48,894 SGT INFO [1.2.9c] [SessionManagerActor] - terminate WsKey(UserCode(solactive))
2024-06-17 21:55:48,894 SGT INFO [1.2.9c] [WsActor] - session actor terminated for UserCode(solactive) - removing session from data structures
2024-06-17 21:58:30,441 SGT INFO [1.2.9c] [WsSessionActor.solactive] - akka://tcfeed/user/websocket/sessions/session started
2024-06-17 21:58:30,774 SGT INFO [1.2.9c] [WsSessionActor.solactive] - market requested from now.
2024-06-17 21:58:30,774 SGT INFO [1.2.9c] [SessionManagerActor] - register from user : WsKey(UserCode(solactive))
2024-06-17 23:03:41,124 SGT INFO [1.2.9c] [SessionManagerActor] - terminate WsKey(UserCode(solactive))
2024-06-17 23:03:41,125 SGT INFO [1.2.9c] [SessionManagerActor] - terminate WsKey(UserCode(solactive))
2024-06-17 23:03:41,125 SGT INFO [1.2.9c] [WsActor] - session actor terminated for UserCode(solactive) - removing session from data structures
2024-06-17 23:10:20,932 SGT INFO [1.2.9c] [WsSessionActor.solactive] - akka://tcfeed/user/websocket/sessions/session started
2024-06-17 23:10:21,256 SGT INFO [1.2.9c] [WsSessionActor.solactive] - market requested from now.
2024-06-17 23:10:21,256 SGT INFO [1.2.9c] [SessionManagerActor] - register from user : WsKey(UserCode(solactive))
2024-06-17 23:11:44,563 SGT INFO [1.2.9c] [SessionManagerActor] - terminate WsKey(UserCode(solactive))
2024-06-17 23:11:44,564 SGT INFO [1.2.9c] [SessionManagerActor] - terminate WsKey(UserCode(solactive))
2024-06-17 23:11:44,564 SGT INFO [1.2.9c] [WsActor] - session actor terminated for UserCode(solactive) - removing session from data structures
2024-06-17 23:17:50,223 SGT INFO [1.2.9c] [WsSessionActor.solactive] - akka://tcfeed/user/websocket/sessions/session started
2024-06-17 23:17:50,562 SGT INFO [1.2.9c] [WsSessionActor.solactive] - market requested from now.
2024-06-17 23:17:50,563 SGT INFO [1.2.9c] [SessionManagerActor] - register from user : WsKey(UserCode(solactive))
2024-06-17 23:19:10,793 SGT INFO [1.2.9c] [SessionManagerActor] - terminate WsKey(UserCode(solactive))
2024-06-17 23:19:10,794 SGT INFO [1.2.9c] [WsActor] - session actor terminated for UserCode(solactive) - removing session from data structures
2024-06-17 23:19:10,794 SGT INFO [1.2.9c] [SessionManagerActor] - terminate WsKey(UserCode(solactive))
2024-06-17 23:25:49,589 SGT INFO [1.2.9c] [WsSessionActor.solactive] - akka://tcfeed/user/websocket/sessions/session started
2024-06-17 23:25:49,920 SGT INFO [1.2.9c] [WsSessionActor.solactive] - market requested from now.
2024-06-17 23:25:49,921 SGT INFO [1.2.9c] [SessionManagerActor] - register from user : WsKey(UserCode(solactive))
2024-06-17 23:27:21,384 SGT INFO [1.2.9c] [SessionManagerActor] - terminate WsKey(UserCode(solactive))
2024-06-17 23:27:21,385 SGT INFO [1.2.9c] [SessionManagerActor] - terminate WsKey(UserCode(solactive))
2024-06-17 23:27:21,385 SGT INFO [1.2.9c] [WsActor] - session actor terminated for UserCode(solactive) - removing session from data structures
2024-06-17 23:32:08,801 SGT INFO [1.2.9c] [WsSessionActor.solactive] - akka://tcfeed/user/websocket/sessions/session started
2024-06-17 23:32:09,140 SGT INFO [1.2.9c] [WsSessionActor.solactive] - market requested from now.
2024-06-17 23:32:09,140 SGT INFO [1.2.9c] [SessionManagerActor] - register from user : WsKey(UserCode(solactive))
2024-06-17 23:33:09,994 SGT INFO [1.2.9c] [SessionManagerActor] - terminate WsKey(UserCode(solactive))
2024-06-17 23:33:09,994 SGT INFO [1.2.9c] [SessionManagerActor] - terminate WsKey(UserCode(solactive))
2024-06-17 23:33:09,994 SGT INFO [1.2.9c] [WsActor] - session actor terminated for UserCode(solactive) - removing session from data structures
2024-06-17 23:37:27,369 SGT INFO [1.2.9c] [WsSessionActor.solactive] - akka://tcfeed/user/websocket/sessions/session started
2024-06-17 23:37:27,703 SGT INFO [1.2.9c] [WsSessionActor.solactive] - market requested from now.
2024-06-17 23:37:27,703 SGT INFO [1.2.9c] [SessionManagerActor] - register from user : WsKey(UserCode(solactive))
2024-06-17 23:38:38,763 SGT INFO [1.2.9c] [SessionManagerActor] - terminate WsKey(UserCode(solactive))
2024-06-17 23:38:38,764 SGT INFO [1.2.9c] [SessionManagerActor] - terminate WsKey(UserCode(solactive))
2024-06-17 23:38:38,764 SGT INFO [1.2.9c] [WsActor] - session actor terminated for UserCode(solactive) - removing session from data structures
2024-06-17 23:44:18,327 SGT INFO [1.2.9c] [WsSessionActor.solactive] - akka://tcfeed/user/websocket/sessions/session started
2024-06-17 23:44:18,655 SGT INFO [1.2.9c] [WsSessionActor.solactive] - market requested from now.
2024-06-17 23:44:18,656 SGT INFO [1.2.9c] [SessionManagerActor] - register from user : WsKey(UserCode(solactive))
2024-06-17 23:45:34,823 SGT INFO [1.2.9c] [SessionManagerActor] - terminate WsKey(UserCode(solactive))
2024-06-17 23:45:34,824 SGT INFO [1.2.9c] [SessionManagerActor] - terminate WsKey(UserCode(solactive))
2024-06-17 23:45:34,824 SGT INFO [1.2.9c] [WsActor] - session actor terminated for UserCode(solactive) - removing session from data structures
2024-06-17 23:51:22,855 SGT INFO [1.2.9c] [WsSessionActor.solactive] - akka://tcfeed/user/websocket/sessions/session started
2024-06-17 23:51:23,199 SGT INFO [1.2.9c] [WsSessionActor.solactive] - market requested from now.
2024-06-17 23:51:23,199 SGT INFO [1.2.9c] [SessionManagerActor] - register from user : WsKey(UserCode(solactive))
2024-06-17 23:52:50,573 SGT INFO [1.2.9c] [SessionManagerActor] - terminate WsKey(UserCode(solactive))
2024-06-17 23:52:50,573 SGT INFO [1.2.9c] [SessionManagerActor] - terminate WsKey(UserCode(solactive))
2024-06-17 23:52:50,573 SGT INFO [1.2.9c] [WsActor] - session actor terminated for UserCode(solactive) - removing session from data structures
2024-06-17 23:56:54,497 SGT INFO [1.2.9c] [WsSessionActor.solactive] - akka://tcfeed/user/websocket/sessions/session started
2024-06-17 23:56:54,844 SGT INFO [1.2.9c] [WsSessionActor.solactive] - market requested from now.
2024-06-17 23:56:54,844 SGT INFO [1.2.9c] [SessionManagerActor] - register from user : WsKey(UserCode(solactive))
2024-06-17 23:58:09,983 SGT INFO [1.2.9c] [SessionManagerActor] - terminate WsKey(UserCode(solactive))
2024-06-17 23:58:09,984 SGT INFO [1.2.9c] [SessionManagerActor] - terminate WsKey(UserCode(solactive))
2024-06-17 23:58:09,984 SGT INFO [1.2.9c] [WsActor] - session actor terminated for UserCode(solactive) - removing session from data structures
2024-06-18 00:02:43,010 SGT INFO [1.2.9c] [WsSessionActor.solactive] - akka://tcfeed/user/websocket/sessions/session started
2024-06-18 00:02:43,358 SGT INFO [1.2.9c] [WsSessionActor.solactive] - market requested from now.
2024-06-18 00:02:43,358 SGT INFO [1.2.9c] [SessionManagerActor] - register from user : WsKey(UserCode(solactive))
2024-06-18 00:04:29,083 SGT INFO [1.2.9c] [SessionManagerActor] - terminate WsKey(UserCode(solactive))
2024-06-18 00:04:29,084 SGT INFO [1.2.9c] [SessionManagerActor] - terminate WsKey(UserCode(solactive))
2024-06-18 00:04:29,084 SGT INFO [1.2.9c] [WsActor] - session actor terminated for UserCode(solactive) - removing session from data structures
2024-06-18 00:07:45,386 SGT INFO [1.2.9c] [WsSessionActor.solactive] - akka://tcfeed/user/websocket/sessions/session started
2024-06-18 00:07:45,714 SGT INFO [1.2.9c] [WsSessionActor.solactive] - market requested from now.
2024-06-18 00:07:45,715 SGT INFO [1.2.9c] [SessionManagerActor] - register from user : WsKey(UserCode(solactive))
2024-06-18 00:08:46,583 SGT INFO [1.2.9c] [SessionManagerActor] - terminate WsKey(UserCode(solactive))
2024-06-18 00:08:46,584 SGT INFO [1.2.9c] [SessionManagerActor] - terminate WsKey(UserCode(solactive))
2024-06-18 00:08:46,584 SGT INFO [1.2.9c] [WsActor] - session actor terminated for UserCode(solactive) - removing session from data structures
2024-06-18 00:12:36,466 SGT INFO [1.2.9c] [WsSessionActor.solactive] - akka://tcfeed/user/websocket/sessions/session started
2024-06-18 00:12:36,797 SGT INFO [1.2.9c] [WsSessionActor.solactive] - market requested from now.
2024-06-18 00:12:36,797 SGT INFO [1.2.9c] [SessionManagerActor] - register from user : WsKey(UserCode(solactive))
2024-06-18 00:14:29,683 SGT INFO [1.2.9c] [SessionManagerActor] - terminate WsKey(UserCode(solactive))
2024-06-18 00:14:29,684 SGT INFO [1.2.9c] [SessionManagerActor] - terminate WsKey(UserCode(solactive))
2024-06-18 00:14:29,684 SGT INFO [1.2.9c] [WsActor] - session actor terminated for UserCode(solactive) - removing session from data structures
2024-06-18 00:18:50,228 SGT INFO [1.2.9c] [WsSessionActor.solactive] - akka://tcfeed/user/websocket/sessions/session started
2024-06-18 00:18:50,564 SGT INFO [1.2.9c] [WsSessionActor.solactive] - market requested from now.
2024-06-18 00:18:50,565 SGT INFO [1.2.9c] [SessionManagerActor] - register from user : WsKey(UserCode(solactive))
2024-06-18 00:21:36,483 SGT INFO [1.2.9c] [SessionManagerActor] - terminate WsKey(UserCode(solactive))
2024-06-18 00:21:36,484 SGT INFO [1.2.9c] [SessionManagerActor] - terminate WsKey(UserCode(solactive))
2024-06-18 00:21:36,484 SGT INFO [1.2.9c] [WsActor] - session actor terminated for UserCode(solactive) - removing session from data structures
2024-06-18 00:24:58,481 SGT INFO [1.2.9c] [WsSessionActor.solactive] - akka://tcfeed/user/websocket/sessions/session started
2024-06-18 00:24:59,738 SGT INFO [1.2.9c] [WsSessionActor.solactive] - market requested from now.
2024-06-18 00:24:59,739 SGT INFO [1.2.9c] [SessionManagerActor] - register from user : WsKey(UserCode(solactive))
2024-06-18 06:15:01,886 SGT INFO [1.2.9c] [WsSessionActor.solactive] - unsubscribe requested.
2024-06-18 06:15:01,887 SGT INFO [1.2.9c] [SessionManagerActor] - unsubscribed WsKey(UserCode(solactive))
2024-06-18 06:15:01,887 SGT INFO [1.2.9c] [SessionManagerActor] - terminate WsKey(UserCode(solactive))
2024-06-18 06:15:01,888 SGT INFO [1.2.9c] [SessionManagerActor] - terminate WsKey(UserCode(solactive))
2024-06-18 06:15:01,888 SGT INFO [1.2.9c] [WsActor] - session actor terminated for UserCode(solactive) - removing session from data structures
2024-06-18 06:15:14,030 SGT INFO [1.2.9c] [WsSessionActor.solactive] - akka://tcfeed/user/websocket/sessions/session started
2024-06-18 06:15:21,484 SGT INFO [1.2.9c] [WsSessionActor.solactive] - market requested from now.
2024-06-18 06:15:21,484 SGT INFO [1.2.9c] [SessionManagerActor] - register from user : WsKey(UserCode(solactive))
2024-06-18 20:54:01,963 SGT INFO [1.2.9c] [SessionManagerActor] - terminate WsKey(UserCode(solactive))
2024-06-18 20:54:01,964 SGT INFO [1.2.9c] [SessionManagerActor] - terminate WsKey(UserCode(solactive))
2024-06-18 20:54:01,964 SGT INFO [1.2.9c] [WsActor] - session actor terminated for UserCode(solactive) - removing session from data structures
2024-06-18 20:57:47,763 SGT INFO [1.2.9c] [WsSessionActor.solactive] - akka://tcfeed/user/websocket/sessions/session started
2024-06-18 20:57:48,109 SGT INFO [1.2.9c] [WsSessionActor.solactive] - market requested from now.
2024-06-18 20:57:48,109 SGT INFO [1.2.9c] [SessionManagerActor] - register from user : WsKey(UserCode(solactive))
2024-06-18 21:24:03,652 SGT INFO [1.2.9c] [SessionManagerActor] - terminate WsKey(UserCode(solactive))
2024-06-18 21:24:03,654 SGT INFO [1.2.9c] [SessionManagerActor] - terminate WsKey(UserCode(solactive))
2024-06-18 21:24:03,654 SGT INFO [1.2.9c] [WsActor] - session actor terminated for UserCode(solactive) - removing session from data structures
2024-06-18 21:28:00,642 SGT INFO [1.2.9c] [WsSessionActor.solactive] - akka://tcfeed/user/websocket/sessions/session started
2024-06-18 21:28:00,974 SGT INFO [1.2.9c] [WsSessionActor.solactive] - market requested from now.
2024-06-18 21:28:00,974 SGT INFO [1.2.9c] [SessionManagerActor] - register from user : WsKey(UserCode(solactive))
2024-06-18 21:32:28,893 SGT INFO [1.2.9c] [SessionManagerActor] - terminate WsKey(UserCode(solactive))
2024-06-18 21:32:28,894 SGT INFO [1.2.9c] [SessionManagerActor] - terminate WsKey(UserCode(solactive))
2024-06-18 21:32:28,894 SGT INFO [1.2.9c] [WsActor] - session actor terminated for UserCode(solactive) - removing session from data structures
2024-06-18 21:38:12,620 SGT INFO [1.2.9c] [WsSessionActor.solactive] - akka://tcfeed/user/websocket/sessions/session started
2024-06-18 21:38:12,956 SGT INFO [1.2.9c] [WsSessionActor.solactive] - market requested from now.
2024-06-18 21:38:12,956 SGT INFO [1.2.9c] [SessionManagerActor] - register from user : WsKey(UserCode(solactive))
2024-06-18 21:39:35,233 SGT INFO [1.2.9c] [SessionManagerActor] - terminate WsKey(UserCode(solactive))
2024-06-18 21:39:35,234 SGT INFO [1.2.9c] [SessionManagerActor] - terminate WsKey(UserCode(solactive))
2024-06-18 21:39:35,234 SGT INFO [1.2.9c] [WsActor] - session actor terminated for UserCode(solactive) - removing session from data structures
2024-06-18 21:45:19,654 SGT INFO [1.2.9c] [WsSessionActor.solactive] - akka://tcfeed/user/websocket/sessions/session started
2024-06-18 21:45:19,990 SGT INFO [1.2.9c] [WsSessionActor.solactive] - market requested from now.
2024-06-18 21:45:19,990 SGT INFO [1.2.9c] [SessionManagerActor] - register from user : WsKey(UserCode(solactive))
2024-06-18 21:46:35,123 SGT INFO [1.2.9c] [SessionManagerActor] - terminate WsKey(UserCode(solactive))
2024-06-18 21:46:35,124 SGT INFO [1.2.9c] [SessionManagerActor] - terminate WsKey(UserCode(solactive))
2024-06-18 21:46:35,124 SGT INFO [1.2.9c] [WsActor] - session actor terminated for UserCode(solactive) - removing session from data structures
2024-06-18 21:52:28,313 SGT INFO [1.2.9c] [WsSessionActor.solactive] - akka://tcfeed/user/websocket/sessions/session started
2024-06-18 21:52:28,654 SGT INFO [1.2.9c] [WsSessionActor.solactive] - market requested from now.
2024-06-18 21:52:28,654 SGT INFO [1.2.9c] [SessionManagerActor] - register from user : WsKey(UserCode(solactive))
2024-06-18 21:53:56,023 SGT INFO [1.2.9c] [SessionManagerActor] - terminate WsKey(UserCode(solactive))
2024-06-18 21:53:56,024 SGT INFO [1.2.9c] [SessionManagerActor] - terminate WsKey(UserCode(solactive))
2024-06-18 21:53:56,024 SGT INFO [1.2.9c] [WsActor] - session actor terminated for UserCode(solactive) - removing session from data structures
2024-06-18 22:00:29,207 SGT INFO [1.2.9c] [WsSessionActor.solactive] - akka://tcfeed/user/websocket/sessions/session started
2024-06-18 22:00:29,539 SGT INFO [1.2.9c] [WsSessionActor.solactive] - market requested from now.
2024-06-18 22:00:29,539 SGT INFO [1.2.9c] [SessionManagerActor] - register from user : WsKey(UserCode(solactive))
2024-06-18 22:01:37,543 SGT INFO [1.2.9c] [SessionManagerActor] - terminate WsKey(UserCode(solactive))
2024-06-18 22:01:37,544 SGT INFO [1.2.9c] [SessionManagerActor] - terminate WsKey(UserCode(solactive))
2024-06-18 22:01:37,544 SGT INFO [1.2.9c] [WsActor] - session actor terminated for UserCode(solactive) - removing session from data structures
2024-06-18 22:07:19,160 SGT INFO [1.2.9c] [WsSessionActor.solactive] - akka://tcfeed/user/websocket/sessions/session started
2024-06-18 22:07:19,492 SGT INFO [1.2.9c] [WsSessionActor.solactive] - market requested from now.
2024-06-18 22:07:19,492 SGT INFO [1.2.9c] [SessionManagerActor] - register from user : WsKey(UserCode(solactive))
2024-06-18 22:08:39,733 SGT INFO [1.2.9c] [SessionManagerActor] - terminate WsKey(UserCode(solactive))
2024-06-18 22:08:39,734 SGT INFO [1.2.9c] [SessionManagerActor] - terminate WsKey(UserCode(solactive))
2024-06-18 22:08:39,734 SGT INFO [1.2.9c] [WsActor] - session actor terminated for UserCode(solactive) - removing session from data structures
2024-06-18 22:15:01,741 SGT INFO [1.2.9c] [WsSessionActor.solactive] - akka://tcfeed/user/websocket/sessions/session started
2024-06-18 22:15:02,087 SGT INFO [1.2.9c] [WsSessionActor.solactive] - market requested from now.
2024-06-18 22:15:02,087 SGT INFO [1.2.9c] [SessionManagerActor] - register from user : WsKey(UserCode(solactive))
2024-06-18 22:16:22,313 SGT INFO [1.2.9c] [SessionManagerActor] - terminate WsKey(UserCode(solactive))
2024-06-18 22:16:22,314 SGT INFO [1.2.9c] [WsActor] - session actor terminated for UserCode(solactive) - removing session from data structures
2024-06-18 22:16:22,314 SGT INFO [1.2.9c] [SessionManagerActor] - terminate WsKey(UserCode(solactive))
2024-06-18 22:23:10,126 SGT INFO [1.2.9c] [WsSessionActor.solactive] - akka://tcfeed/user/websocket/sessions/session started
2024-06-18 22:23:10,485 SGT INFO [1.2.9c] [WsSessionActor.solactive] - market requested from now.
2024-06-18 22:23:10,485 SGT INFO [1.2.9c] [SessionManagerActor] - register from user : WsKey(UserCode(solactive))
2024-06-18 22:24:41,923 SGT INFO [1.2.9c] [SessionManagerActor] - terminate WsKey(UserCode(solactive))
2024-06-18 22:24:41,923 SGT INFO [1.2.9c] [WsActor] - session actor terminated for UserCode(solactive) - removing session from data structures
2024-06-18 22:24:41,923 SGT INFO [1.2.9c] [SessionManagerActor] - terminate WsKey(UserCode(solactive))
2024-06-18 22:32:37,753 SGT INFO [1.2.9c] [WsSessionActor.solactive] - akka://tcfeed/user/websocket/sessions/session started
2024-06-18 22:32:38,096 SGT INFO [1.2.9c] [WsSessionActor.solactive] - market requested from now.
2024-06-18 22:32:38,096 SGT INFO [1.2.9c] [SessionManagerActor] - register from user : WsKey(UserCode(solactive))
2024-06-18 22:33:54,243 SGT INFO [1.2.9c] [SessionManagerActor] - terminate WsKey(UserCode(solactive))
2024-06-18 22:33:54,244 SGT INFO [1.2.9c] [SessionManagerActor] - terminate WsKey(UserCode(solactive))
2024-06-18 22:33:54,244 SGT INFO [1.2.9c] [WsActor] - session actor terminated for UserCode(solactive) - removing session from data structures
2024-06-18 22:40:45,926 SGT INFO [1.2.9c] [WsSessionActor.solactive] - akka://tcfeed/user/websocket/sessions/session started
2024-06-18 22:40:46,291 SGT INFO [1.2.9c] [WsSessionActor.solactive] - market requested from now.
2024-06-18 22:40:46,291 SGT INFO [1.2.9c] [SessionManagerActor] - register from user : WsKey(UserCode(solactive))
2024-06-18 22:42:02,423 SGT INFO [1.2.9c] [SessionManagerActor] - terminate WsKey(UserCode(solactive))
2024-06-18 22:42:02,424 SGT INFO [1.2.9c] [SessionManagerActor] - terminate WsKey(UserCode(solactive))
2024-06-18 22:42:02,424 SGT INFO [1.2.9c] [WsActor] - session actor terminated for UserCode(solactive) - removing session from data structures
2024-06-18 22:48:20,274 SGT INFO [1.2.9c] [WsSessionActor.solactive] - akka://tcfeed/user/websocket/sessions/session started
2024-06-18 22:48:20,615 SGT INFO [1.2.9c] [WsSessionActor.solactive] - market requested from now.
2024-06-18 22:48:20,615 SGT INFO [1.2.9c] [SessionManagerActor] - register from user : WsKey(UserCode(solactive))
2024-06-18 22:49:40,843 SGT INFO [1.2.9c] [SessionManagerActor] - terminate WsKey(UserCode(solactive))
2024-06-18 22:49:40,844 SGT INFO [1.2.9c] [SessionManagerActor] - terminate WsKey(UserCode(solactive))
2024-06-18 22:49:40,844 SGT INFO [1.2.9c] [WsActor] - session actor terminated for UserCode(solactive) - removing session from data structures
2024-06-18 22:55:59,689 SGT INFO [1.2.9c] [WsSessionActor.solactive] - akka://tcfeed/user/websocket/sessions/session started
2024-06-18 22:56:00,639 SGT INFO [1.2.9c] [SessionManagerActor] - terminate WsKey(UserCode(solactive))
2024-06-18 22:56:00,639 SGT INFO [1.2.9c] [WsActor] - session actor terminated for UserCode(solactive) - removing session from data structures
2024-06-18 22:56:01,691 SGT INFO [1.2.9c] [WsSessionActor.solactive] - akka://tcfeed/user/websocket/sessions/session started
2024-06-18 22:56:02,030 SGT INFO [1.2.9c] [WsSessionActor.solactive] - market requested from now.
2024-06-18 22:56:02,030 SGT INFO [1.2.9c] [SessionManagerActor] - register from user : WsKey(UserCode(solactive))
2024-06-18 22:57:03,903 SGT INFO [1.2.9c] [SessionManagerActor] - terminate WsKey(UserCode(solactive))
2024-06-18 22:57:03,904 SGT INFO [1.2.9c] [SessionManagerActor] - terminate WsKey(UserCode(solactive))
2024-06-18 22:57:03,904 SGT INFO [1.2.9c] [WsActor] - session actor terminated for UserCode(solactive) - removing session from data structures
2024-06-18 23:03:40,954 SGT INFO [1.2.9c] [WsSessionActor.solactive] - akka://tcfeed/user/websocket/sessions/session started
2024-06-18 23:03:41,296 SGT INFO [1.2.9c] [WsSessionActor.solactive] - market requested from now.
2024-06-18 23:03:41,296 SGT INFO [1.2.9c] [SessionManagerActor] - register from user : WsKey(UserCode(solactive))
2024-06-18 23:04:58,463 SGT INFO [1.2.9c] [SessionManagerActor] - terminate WsKey(UserCode(solactive))
2024-06-18 23:04:58,464 SGT INFO [1.2.9c] [SessionManagerActor] - terminate WsKey(UserCode(solactive))
2024-06-18 23:04:58,464 SGT INFO [1.2.9c] [WsActor] - session actor terminated for UserCode(solactive) - removing session from data structures
2024-06-18 23:11:28,844 SGT INFO [1.2.9c] [WsSessionActor.solactive] - akka://tcfeed/user/websocket/sessions/session started
2024-06-18 23:11:29,176 SGT INFO [1.2.9c] [WsSessionActor.solactive] - market requested from now.
2024-06-18 23:11:29,176 SGT INFO [1.2.9c] [SessionManagerActor] - register from user : WsKey(UserCode(solactive))
2024-06-18 23:12:31,053 SGT INFO [1.2.9c] [SessionManagerActor] - terminate WsKey(UserCode(solactive))
2024-06-18 23:12:31,054 SGT INFO [1.2.9c] [SessionManagerActor] - terminate WsKey(UserCode(solactive))
2024-06-18 23:12:31,054 SGT INFO [1.2.9c] [WsActor] - session actor terminated for UserCode(solactive) - removing session from data structures
2024-06-18 23:18:45,269 SGT INFO [1.2.9c] [WsSessionActor.solactive] - akka://tcfeed/user/websocket/sessions/session started
2024-06-18 23:18:45,608 SGT INFO [1.2.9c] [WsSessionActor.solactive] - market requested from now.
2024-06-18 23:18:45,608 SGT INFO [1.2.9c] [SessionManagerActor] - register from user : WsKey(UserCode(solactive))
2024-06-18 23:19:46,462 SGT INFO [1.2.9c] [SessionManagerActor] - terminate WsKey(UserCode(solactive))
2024-06-18 23:19:46,463 SGT INFO [1.2.9c] [SessionManagerActor] - terminate WsKey(UserCode(solactive))
2024-06-18 23:19:46,463 SGT INFO [1.2.9c] [WsActor] - session actor terminated for UserCode(solactive) - removing session from data structures
2024-06-18 23:24:05,851 SGT INFO [1.2.9c] [WsSessionActor.solactive] - akka://tcfeed/user/websocket/sessions/session started
2024-06-18 23:24:06,191 SGT INFO [1.2.9c] [WsSessionActor.solactive] - market requested from now.
2024-06-18 23:24:06,191 SGT INFO [1.2.9c] [SessionManagerActor] - register from user : WsKey(UserCode(solactive))
2024-06-18 23:25:38,664 SGT INFO [1.2.9c] [SessionManagerActor] - terminate WsKey(UserCode(solactive))
2024-06-18 23:25:38,664 SGT INFO [1.2.9c] [SessionManagerActor] - terminate WsKey(UserCode(solactive))
2024-06-18 23:25:38,664 SGT INFO [1.2.9c] [WsActor] - session actor terminated for UserCode(solactive) - removing session from data structures
2024-06-18 23:32:02,601 SGT INFO [1.2.9c] [WsSessionActor.solactive] - akka://tcfeed/user/websocket/sessions/session started
2024-06-18 23:32:02,938 SGT INFO [1.2.9c] [WsSessionActor.solactive] - market requested from now.
2024-06-18 23:32:02,938 SGT INFO [1.2.9c] [SessionManagerActor] - register from user : WsKey(UserCode(solactive))
2024-06-18 23:33:03,793 SGT INFO [1.2.9c] [SessionManagerActor] - terminate WsKey(UserCode(solactive))
2024-06-18 23:33:03,794 SGT INFO [1.2.9c] [SessionManagerActor] - terminate WsKey(UserCode(solactive))
2024-06-18 23:33:03,794 SGT INFO [1.2.9c] [WsActor] - session actor terminated for UserCode(solactive) - removing session from data structures
2024-06-18 23:37:53,409 SGT INFO [1.2.9c] [WsSessionActor.solactive] - akka://tcfeed/user/websocket/sessions/session started
2024-06-18 23:37:53,744 SGT INFO [1.2.9c] [WsSessionActor.solactive] - market requested from now.
2024-06-18 23:37:53,744 SGT INFO [1.2.9c] [SessionManagerActor] - register from user : WsKey(UserCode(solactive))
2024-06-18 23:39:30,303 SGT INFO [1.2.9c] [SessionManagerActor] - terminate WsKey(UserCode(solactive))
2024-06-18 23:39:30,304 SGT INFO [1.2.9c] [SessionManagerActor] - terminate WsKey(UserCode(solactive))
2024-06-18 23:39:30,304 SGT INFO [1.2.9c] [WsActor] - session actor terminated for UserCode(solactive) - removing session from data structures
2024-06-18 23:43:56,387 SGT INFO [1.2.9c] [WsSessionActor.solactive] - akka://tcfeed/user/websocket/sessions/session started
2024-06-18 23:43:56,719 SGT INFO [1.2.9c] [WsSessionActor.solactive] - market requested from now.
2024-06-18 23:43:56,719 SGT INFO [1.2.9c] [SessionManagerActor] - register from user : WsKey(UserCode(solactive))
2024-06-18 23:46:56,923 SGT INFO [1.2.9c] [SessionManagerActor] - terminate WsKey(UserCode(solactive))
2024-06-18 23:46:56,924 SGT INFO [1.2.9c] [SessionManagerActor] - terminate WsKey(UserCode(solactive))
2024-06-18 23:46:56,924 SGT INFO [1.2.9c] [WsActor] - session actor terminated for UserCode(solactive) - removing session from data structures
2024-06-18 23:51:36,531 SGT INFO [1.2.9c] [WsSessionActor.solactive] - akka://tcfeed/user/websocket/sessions/session started
2024-06-18 23:51:36,867 SGT INFO [1.2.9c] [WsSessionActor.solactive] - market requested from now.
2024-06-18 23:51:36,867 SGT INFO [1.2.9c] [SessionManagerActor] - register from user : WsKey(UserCode(solactive))
2024-06-18 23:52:59,143 SGT INFO [1.2.9c] [SessionManagerActor] - terminate WsKey(UserCode(solactive))
2024-06-18 23:52:59,144 SGT INFO [1.2.9c] [SessionManagerActor] - terminate WsKey(UserCode(solactive))
2024-06-18 23:52:59,144 SGT INFO [1.2.9c] [WsActor] - session actor terminated for UserCode(solactive) - removing session from data structures
2024-06-18 23:57:42,908 SGT INFO [1.2.9c] [WsSessionActor.solactive] - akka://tcfeed/user/websocket/sessions/session started
2024-06-18 23:57:43,254 SGT INFO [1.2.9c] [WsSessionActor.solactive] - market requested from now.
2024-06-18 23:57:43,254 SGT INFO [1.2.9c] [SessionManagerActor] - register from user : WsKey(UserCode(solactive))
2024-06-18 23:59:01,443 SGT INFO [1.2.9c] [SessionManagerActor] - terminate WsKey(UserCode(solactive))
2024-06-18 23:59:01,443 SGT INFO [1.2.9c] [SessionManagerActor] - terminate WsKey(UserCode(solactive))
2024-06-18 23:59:01,444 SGT INFO [1.2.9c] [WsActor] - session actor terminated for UserCode(solactive) - removing session from data structures
2024-06-19 00:03:18,610 SGT INFO [1.2.9c] [WsSessionActor.solactive] - akka://tcfeed/user/websocket/sessions/session started
2024-06-19 00:03:18,946 SGT INFO [1.2.9c] [WsSessionActor.solactive] - market requested from now.
2024-06-19 00:03:18,946 SGT INFO [1.2.9c] [SessionManagerActor] - register from user : WsKey(UserCode(solactive))
